wandb: [wandb.login()] Loaded credentials for https://api.wandb.ai from /home/freddyp/.netrc.
wandb: Currently logged in as: fredella-pang (fredella-pang-university-of-calgary-in-alberta) to https://api.wandb.ai. Use `wandb login --relogin` to force relogin
------------------------------
optimizer: adam
lr: 0.001
clip_grad_norm: 0.5
task: CIFAR10
model: RESNET18
benchmark: continual
warm_start_subset_ratio: 10
log_every: 1
seed: 0
batch_size: 256
disable_wandb: False
wandb_project: 
sparsifier: rigl
sparsity: 0.9
num_mask_updates: 500
t_end_ratio: 0.8
pruning_ratio: 0.3
t_accel_ratio: 0.2
initial_sparsity: 0.0
------------------------------
Using device: cuda
[Sparsifier] rigl | sparsity=0.9 | total_steps=108000 | t_end=86400 | delta_t=172
wandb: ERROR permission denied
Traceback (most recent call last):
  File "/project/6066928/freddyp/FIRE_playground/vision/train_st.py", line 352, in <module>
    main(cfg)
  File "/project/6066928/freddyp/FIRE_playground/vision/train_st.py", line 238, in main
    wandb.init(
  File "/scratch/freddyp/fire-env/lib/python3.11/site-packages/wandb/sdk/wandb_init.py", line 1528, in init
    get_sentry().reraise(e)
  File "/scratch/freddyp/fire-env/lib/python3.11/site-packages/wandb/analytics/sentry.py", line 191, in reraise
    raise exc.with_traceback(tb)
  File "/scratch/freddyp/fire-env/lib/python3.11/site-packages/wandb/sdk/wandb_init.py", line 1511, in init
    run = wi.init(run_settings, run_config, run_printer)
          ^^^^^^^^^^^^^^^^^^^^^^^^^^^^^^^^^^^^^^^^^^^^^^
  File "/scratch/freddyp/fire-env/lib/python3.11/site-packages/wandb/sdk/wandb_init.py", line 961, in init
    raise error
wandb.errors.errors.CommError: permission denied
[1;34mwandb[0m: 
[1;34mwandb[0m: Find logs at: [1;35m../../../../../../../project/6066928/freddyp/FIRE_playground/vision/wandb/run-20260618_005858-e9v9vgi6/logs[0m
